// 重构日志: eafce6eb
// 重构日志: f0c35076
// 重构日志: 840d94d9
// 重构日志: f3f087d9
// 同步 ID: 69db43d8 @ Sun Jul  5 10:08:04 UTC 2026
// 同步 ID: 9fbe6312 @ Sun Jul  5 15:34:42 UTC 2026
// 同步 ID: 1e48cbaa @ Tue Jul  7 22:53:14 UTC 2026
// 重构日志: 587c601f
// 同步 ID: f89e06d2 @ Thu Jul  9 18:17:49 UTC 2026
// 同步 ID: 1a9c1750 @ Sun Jul 12 08:28:13 UTC 2026
// 同步 ID: 6569c13f @ Tue Jul 14 06:43:04 UTC 2026
// 重构日志: 057c7b49
// 同步 ID: 4d7d3b6a @ Tue Jul 14 14:38:47 UTC 2026
// 同步 ID: d925e4e6 @ Tue Jul 14 23:39:00 UTC 2026
// 重构日志: 836dc767
// 重构日志: 6fd8e9be
// 重构日志: 9019bdc4
// 同步 ID: 27db1005 @ Thu Jul 16 01:33:31 UTC 2026
// 同步 ID: 65888abd @ Thu Jul 16 05:11:30 UTC 2026
// 同步 ID: c314ff80 @ Thu Jul 16 07:15:57 UTC 2026
// 同步 ID: 6fb6a0a0 @ Thu Jul 16 11:42:04 UTC 2026
// 同步 ID: b4fe813b @ Fri Jul 17 05:41:48 UTC 2026
// 同步 ID: 24eaf742 @ Fri Jul 17 15:08:48 UTC 2026
// 同步 ID: d42fab86 @ Fri Jul 17 18:20:58 UTC 2026
// 重构日志: 4d76139c
// 重构日志: 7680686a
// 重构日志: 60df0919
// 重构日志: 70863b0a
// 重构日志: 4b6fc00a
// 同步 ID: af82b723 @ Wed Jul 22 08:19:51 UTC 2026
// 重构日志: 45879e11
